c:\realidadvirtual\rvproject6b\rvproject6b\debug\rvproject6b.pch
c:\realidadvirtual\rvproject6b\rvproject6b\debug\vc120.pdb
c:\realidadvirtual\rvproject6b\rvproject6b\debug\vc120.idb
c:\realidadvirtual\rvproject6b\rvproject6b\debug\stdafx.obj
c:\realidadvirtual\rvproject6b\rvproject6b\debug\rvcamera.obj
c:\realidadvirtual\rvproject6b\rvproject6b\debug\rvfigures.obj
c:\realidadvirtual\rvproject6b\rvproject6b\debug\rvmodel.obj
c:\realidadvirtual\rvproject6b\rvproject6b\debug\rvproject6b.obj
c:\realidadvirtual\rvproject6b\rvproject6b\debug\rvshadow.obj
c:\realidadvirtual\rvproject6b\debug\rvproject6b.ilk
c:\realidadvirtual\rvproject6b\debug\rvproject6b.exe
c:\realidadvirtual\rvproject6b\debug\rvproject6b.pdb
c:\realidadvirtual\rvproject6b\rvproject6b\debug\rvproject6b.res
c:\realidadvirtual\rvproject6b\rvproject6b\debug\rvproject6b.tlog\cl.command.1.tlog
c:\realidadvirtual\rvproject6b\rvproject6b\debug\rvproject6b.tlog\cl.read.1.tlog
c:\realidadvirtual\rvproject6b\rvproject6b\debug\rvproject6b.tlog\cl.write.1.tlog
c:\realidadvirtual\rvproject6b\rvproject6b\debug\rvproject6b.tlog\link.command.1.tlog
c:\realidadvirtual\rvproject6b\rvproject6b\debug\rvproject6b.tlog\link.read.1.tlog
c:\realidadvirtual\rvproject6b\rvproject6b\debug\rvproject6b.tlog\link.write.1.tlog
c:\realidadvirtual\rvproject6b\rvproject6b\debug\rvproject6b.tlog\rc.command.1.tlog
c:\realidadvirtual\rvproject6b\rvproject6b\debug\rvproject6b.tlog\rc.read.1.tlog
c:\realidadvirtual\rvproject6b\rvproject6b\debug\rvproject6b.tlog\rc.write.1.tlog
